#
# There is insufficient memory for the Java Runtime Environment to continue.
# Native memory allocation (malloc) failed to allocate 1144656 bytes for Chunk::new
# Possible reasons:
#   The system is out of physical RAM or swap space
#   The process is running with CompressedOops enabled, and the Java Heap may be blocking the growth of the native heap
# Possible solutions:
#   Reduce memory load on the system
#   Increase physical memory or swap space
#   Check if swap backing store is full
#   Decrease Java heap size (-Xmx/-Xms)
#   Decrease number of Java threads
#   Decrease Java thread stack sizes (-Xss)
#   Set larger code cache with -XX:ReservedCodeCacheSize=
#   JVM is running with Unscaled Compressed Oops mode in which the Java heap is
#     placed in the first 4GB address space. The Java Heap base address is the
#     maximum limit for the native heap growth. Please use -XX:HeapBaseMinAddress
#     to set the Java Heap base and to place the Java Heap above 4GB virtual address.
# This output file may be truncated or incomplete.
#
#  Out of Memory Error (allocation.cpp:389), pid=9204, tid=0x00000000000034f4
#
# JRE version: OpenJDK Runtime Environment (8.0_242-b01) (build 1.8.0_242-release-1644-b01)
# Java VM: OpenJDK 64-Bit Server VM (25.242-b01 mixed mode windows-amd64 compressed oops)
# Failed to write core dump. Minidumps are not enabled by default on client versions of Windows
#

---------------  T H R E A D  ---------------

Current thread (0x000000001842e800):  JavaThread "C2 CompilerThread0" daemon [_thread_in_native, id=13556, stack(0x000000001ab00000,0x000000001ac00000)]

Stack: [0x000000001ab00000,0x000000001ac00000]
[error occurred during error reporting (printing stack bounds), id 0xc0000005]

Native frames: (J=compiled Java code, j=interpreted, Vv=VM code, C=native code)


Current CompileTask:
C2:  12682 5349       4       java.net.URLClassLoader$1::run (5 bytes)


---------------  P R O C E S S  ---------------

Java Threads: ( => current thread )
  0x0000000021d1f800 JavaThread "Cache worker for file content cache (C:\Users\Abdul AzEem\AndroidStudioProjects\trialwithme\.gradle\6.5\fileContent)" [_thread_blocked, id=7416, stack(0x000000002c4c0000,0x000000002c5c0000)]
  0x0000000021d1e800 JavaThread "Memory manager" [_thread_blocked, id=1804, stack(0x000000002c3c0000,0x000000002c4c0000)]
  0x0000000021d18000 JavaThread "pool-1-thread-1" [_thread_blocked, id=12612, stack(0x000000002a160000,0x000000002a260000)]
  0x0000000021d17000 JavaThread "Cache worker for Build Output Cleanup Cache (C:\Users\Abdul AzEem\AndroidStudioProjects\trialwithme\.gradle\buildOutputCleanup)" [_thread_blocked, id=13564, stack(0x000000002a6f0000,0x000000002a7f0000)]
  0x0000000021d1d000 JavaThread "jar transforms Thread 94" [_thread_blocked, id=9536, stack(0x000000002a060000,0x000000002a160000)]
  0x000000001c749800 JavaThread "jar transforms Thread 93" [_thread_blocked, id=12328, stack(0x0000000029f60000,0x000000002a060000)]
  0x000000001c748800 JavaThread "jar transforms Thread 92" [_thread_blocked, id=824, stack(0x0000000029e60000,0x0000000029f60000)]
  0x000000001c748000 JavaThread "jar transforms Thread 91" [_thread_blocked, id=3592, stack(0x0000000029d60000,0x0000000029e60000)]
  0x000000001c747000 JavaThread "jar transforms Thread 90" [_thread_blocked, id=7444, stack(0x0000000029c60000,0x0000000029d60000)]
  0x000000001c744000 JavaThread "jar transforms Thread 89" [_thread_blocked, id=2636, stack(0x0000000029b60000,0x0000000029c60000)]
  0x000000001c743000 JavaThread "jar transforms Thread 88" [_thread_blocked, id=4120, stack(0x0000000029a60000,0x0000000029b60000)]
  0x000000001c745800 JavaThread "jar transforms Thread 87" [_thread_blocked, id=3360, stack(0x0000000029960000,0x0000000029a60000)]
  0x000000001c745000 JavaThread "jar transforms Thread 86" [_thread_blocked, id=4192, stack(0x0000000029860000,0x0000000029960000)]
  0x000000001c746800 JavaThread "jar transforms Thread 85" [_thread_blocked, id=10528, stack(0x0000000029760000,0x0000000029860000)]
  0x000000001c73b800 JavaThread "jar transforms Thread 84" [_thread_blocked, id=9076, stack(0x0000000029660000,0x0000000029760000)]
  0x000000001c742800 JavaThread "jar transforms Thread 83" [_thread_blocked, id=10792, stack(0x0000000029560000,0x0000000029660000)]
  0x000000001c73b000 JavaThread "jar transforms Thread 82" [_thread_blocked, id=8292, stack(0x0000000029460000,0x0000000029560000)]
  0x000000001c741800 JavaThread "jar transforms Thread 81" [_thread_blocked, id=11636, stack(0x0000000029360000,0x0000000029460000)]
  0x000000001c741000 JavaThread "jar transforms Thread 80" [_thread_blocked, id=5984, stack(0x0000000029260000,0x0000000029360000)]
  0x000000001c73c800 JavaThread "jar transforms Thread 79" [_thread_blocked, id=6356, stack(0x0000000029160000,0x0000000029260000)]
  0x000000001c740000 JavaThread "jar transforms Thread 78" [_thread_blocked, id=8536, stack(0x0000000029060000,0x0000000029160000)]
  0x000000001c73e800 JavaThread "jar transforms Thread 77" [_thread_blocked, id=2104, stack(0x0000000028f60000,0x0000000029060000)]
  0x000000001c73f800 JavaThread "jar transforms Thread 76" [_thread_blocked, id=9676, stack(0x0000000028e60000,0x0000000028f60000)]
  0x000000001c73e000 JavaThread "jar transforms Thread 75" [_thread_blocked, id=13812, stack(0x0000000028d60000,0x0000000028e60000)]
  0x000000001c73a000 JavaThread "jar transforms Thread 74" [_thread_blocked, id=14264, stack(0x0000000028c60000,0x0000000028d60000)]
  0x000000001c73d000 JavaThread "jar transforms Thread 73" [_thread_blocked, id=11488, stack(0x0000000028b60000,0x0000000028c60000)]
  0x000000001d3ca800 JavaThread "jar transforms Thread 72" [_thread_blocked, id=10176, stack(0x0000000028a60000,0x0000000028b60000)]
  0x000000001d3c9800 JavaThread "jar transforms Thread 71" [_thread_blocked, id=7380, stack(0x0000000028960000,0x0000000028a60000)]
  0x000000001d3cc000 JavaThread "jar transforms Thread 70" [_thread_blocked, id=13428, stack(0x0000000028860000,0x0000000028960000)]
  0x000000001d3cd800 JavaThread "jar transforms Thread 69" [_thread_blocked, id=348, stack(0x0000000028760000,0x0000000028860000)]
  0x000000001d3c9000 JavaThread "jar transforms Thread 68" [_thread_blocked, id=7392, stack(0x0000000028660000,0x0000000028760000)]
  0x000000001d3c8000 JavaThread "jar transforms Thread 67" [_thread_blocked, id=9132, stack(0x0000000028560000,0x0000000028660000)]
  0x000000001d3cd000 JavaThread "jar transforms Thread 66" [_thread_blocked, id=7532, stack(0x0000000028460000,0x0000000028560000)]
  0x000000001d3cb000 JavaThread "jar transforms Thread 65" [_thread_blocked, id=12972, stack(0x0000000028360000,0x0000000028460000)]
  0x000000001d3c0800 JavaThread "jar transforms Thread 64" [_thread_blocked, id=2960, stack(0x0000000028260000,0x0000000028360000)]
  0x000000001d3c7800 JavaThread "jar transforms Thread 63" [_thread_blocked, id=13636, stack(0x0000000028160000,0x0000000028260000)]
  0x000000001d3c6000 JavaThread "jar transforms Thread 62" [_thread_blocked, id=4980, stack(0x0000000028060000,0x0000000028160000)]
  0x000000001d3c5000 JavaThread "jar transforms Thread 61" [_thread_blocked, id=5988, stack(0x0000000027f60000,0x0000000028060000)]
  0x000000001d3c6800 JavaThread "jar transforms Thread 60" [_thread_blocked, id=12196, stack(0x0000000027e60000,0x0000000027f60000)]
  0x000000001d3c4800 JavaThread "jar transforms Thread 59" [_thread_blocked, id=7436, stack(0x0000000027d60000,0x0000000027e60000)]
  0x000000001d3c3000 JavaThread "jar transforms Thread 58" [_thread_blocked, id=8452, stack(0x0000000027c60000,0x0000000027d60000)]
  0x000000001d3bf000 JavaThread "jar transforms Thread 57" [_thread_blocked, id=10704, stack(0x0000000027b60000,0x0000000027c60000)]
  0x000000001d3c1800 JavaThread "jar transforms Thread 56" [_thread_blocked, id=9428, stack(0x0000000027a60000,0x0000000027b60000)]
  0x000000001d3c3800 JavaThread "jar transforms Thread 55" [_thread_blocked, id=4860, stack(0x0000000027960000,0x0000000027a60000)]
  0x000000001d3be800 JavaThread "jar transforms Thread 54" [_thread_blocked, id=2200, stack(0x0000000027860000,0x0000000027960000)]
  0x000000001d3c2000 JavaThread "jar transforms Thread 53" [_thread_blocked, id=10020, stack(0x0000000027760000,0x0000000027860000)]
  0x000000001d3c0000 JavaThread "jar transforms Thread 52" [_thread_blocked, id=3904, stack(0x0000000027660000,0x0000000027760000)]
  0x000000001ff82800 JavaThread "jar transforms Thread 51" [_thread_blocked, id=9896, stack(0x0000000027560000,0x0000000027660000)]
  0x000000001ff80800 JavaThread "jar transforms Thread 50" [_thread_blocked, id=12592, stack(0x0000000027460000,0x0000000027560000)]
  0x000000001ff7f800 JavaThread "jar transforms Thread 49" [_thread_blocked, id=5860, stack(0x0000000027360000,0x0000000027460000)]
  0x000000001ff81000 JavaThread "jar transforms Thread 48" [_thread_blocked, id=13268, stack(0x0000000027260000,0x0000000027360000)]
  0x000000001ff82000 JavaThread "jar transforms Thread 47" [_thread_blocked, id=7676, stack(0x0000000027160000,0x0000000027260000)]
  0x000000001ff78000 JavaThread "jar transforms Thread 46" [_thread_blocked, id=5448, stack(0x0000000027060000,0x0000000027160000)]
  0x000000001ff7f000 JavaThread "jar transforms Thread 45" [_thread_blocked, id=11628, stack(0x0000000026f60000,0x0000000027060000)]
  0x000000001ff7e000 JavaThread "jar transforms Thread 44" [_thread_blocked, id=1696, stack(0x0000000026e60000,0x0000000026f60000)]
  0x000000001ff7d800 JavaThread "jar transforms Thread 43" [_thread_blocked, id=11260, stack(0x0000000026d60000,0x0000000026e60000)]
  0x000000001ff7c800 JavaThread "jar transforms Thread 42" [_thread_blocked, id=2160, stack(0x0000000026c60000,0x0000000026d60000)]
  0x000000001ff7c000 JavaThread "jar transforms Thread 41" [_thread_blocked, id=14136, stack(0x0000000026b60000,0x0000000026c60000)]
  0x000000001ff7a800 JavaThread "jar transforms Thread 40" [_thread_blocked, id=10768, stack(0x0000000026a60000,0x0000000026b60000)]
  0x000000001ff75000 JavaThread "jar transforms Thread 39" [_thread_blocked, id=12344, stack(0x0000000026960000,0x0000000026a60000)]
  0x000000001ff74800 JavaThread "jar transforms Thread 38" [_thread_blocked, id=2588, stack(0x0000000026860000,0x0000000026960000)]
  0x000000001ff76800 JavaThread "jar transforms Thread 37" [_thread_blocked, id=6248, stack(0x0000000026760000,0x0000000026860000)]
  0x000000001ff7b000 JavaThread "jar transforms Thread 36" [_thread_blocked, id=8028, stack(0x0000000026660000,0x0000000026760000)]
  0x000000001ff79800 JavaThread "jar transforms Thread 35" [_thread_blocked, id=1292, stack(0x0000000026560000,0x0000000026660000)]
  0x000000001ff73800 JavaThread "jar transforms Thread 34" [_thread_blocked, id=14196, stack(0x0000000026460000,0x0000000026560000)]
  0x000000001ff79000 JavaThread "jar transforms Thread 33" [_thread_blocked, id=4652, stack(0x0000000026360000,0x0000000026460000)]
  0x000000001ff77800 JavaThread "jar transforms Thread 32" [_thread_blocked, id=13476, stack(0x0000000026260000,0x0000000026360000)]
  0x000000001ff76000 JavaThread "jar transforms Thread 31" [_thread_blocked, id=5828, stack(0x0000000026160000,0x0000000026260000)]
  0x0000000021ebb800 JavaThread "jar transforms Thread 30" [_thread_blocked, id=9120, stack(0x0000000026060000,0x0000000026160000)]
  0x0000000021eba800 JavaThread "jar transforms Thread 29" [_thread_blocked, id=3204, stack(0x0000000025f60000,0x0000000026060000)]
  0x0000000021eba000 JavaThread "jar transforms Thread 28" [_thread_blocked, id=8908, stack(0x0000000025e60000,0x0000000025f60000)]
  0x0000000021eb9000 JavaThread "jar transforms Thread 27" [_thread_blocked, id=11232, stack(0x0000000025d60000,0x0000000025e60000)]
  0x0000000021eb8800 JavaThread "jar transforms Thread 26" [_thread_blocked, id=7484, stack(0x0000000025c60000,0x0000000025d60000)]
  0x0000000021eb7800 JavaThread "jar transforms Thread 25" [_thread_blocked, id=4148, stack(0x0000000025b60000,0x0000000025c60000)]
  0x0000000021eb0000 JavaThread "jar transforms Thread 24" [_thread_blocked, id=11760, stack(0x0000000025a60000,0x0000000025b60000)]
  0x0000000021eb7000 JavaThread "jar transforms Thread 23" [_thread_blocked, id=4572, stack(0x0000000025960000,0x0000000025a60000)]
  0x0000000021eb6000 JavaThread "jar transforms Thread 22" [_thread_blocked, id=10912, stack(0x0000000025860000,0x0000000025960000)]
  0x0000000021eb5800 JavaThread "jar transforms Thread 21" [_thread_blocked, id=3220, stack(0x0000000025760000,0x0000000025860000)]
  0x0000000021eb4800 JavaThread "jar transforms Thread 20" [_thread_blocked, id=5820, stack(0x0000000025660000,0x0000000025760000)]
  0x0000000021ead000 JavaThread "jar transforms Thread 19" [_thread_blocked, id=12720, stack(0x0000000025560000,0x0000000025660000)]
  0x0000000021eb0800 JavaThread "jar transforms Thread 18" [_thread_blocked, id=10196, stack(0x0000000025460000,0x0000000025560000)]
  0x0000000021eb1800 JavaThread "jar transforms Thread 17" [_thread_blocked, id=13340, stack(0x0000000025360000,0x0000000025460000)]
  0x0000000021ead800 JavaThread "jar transforms Thread 16" [_thread_blocked, id=8612, stack(0x0000000025260000,0x0000000025360000)]
  0x0000000021eb4000 JavaThread "jar transforms Thread 15" [_thread_blocked, id=9212, stack(0x0000000025160000,0x0000000025260000)]
  0x0000000021eaf000 JavaThread "jar transforms Thread 14" [_thread_blocked, id=10248, stack(0x0000000025060000,0x0000000025160000)]
  0x0000000021eac000 JavaThread "jar transforms Thread 13" [_thread_blocked, id=1760, stack(0x0000000024f60000,0x0000000025060000)]
  0x0000000021eae800 JavaThread "jar transforms Thread 12" [_thread_blocked, id=1784, stack(0x0000000024e60000,0x0000000024f60000)]
  0x0000000021eb2000 JavaThread "jar transforms Thread 11" [_thread_blocked, id=10012, stack(0x0000000024d60000,0x0000000024e60000)]
  0x0000000021eb3000 JavaThread "jar transforms Thread 10" [_thread_blocked, id=12580, stack(0x0000000024c60000,0x0000000024d60000)]
  0x000000001b746000 JavaThread "jar transforms Thread 9" [_thread_blocked, id=3756, stack(0x0000000024b60000,0x0000000024c60000)]
  0x000000001b745800 JavaThread "jar transforms Thread 8" [_thread_blocked, id=13944, stack(0x0000000024a60000,0x0000000024b60000)]
  0x000000001b748800 JavaThread "jar transforms Thread 7" [_thread_blocked, id=360, stack(0x0000000024960000,0x0000000024a60000)]
  0x000000001b747800 JavaThread "jar transforms Thread 6" [_thread_blocked, id=8652, stack(0x0000000024860000,0x0000000024960000)]
  0x000000001b744800 JavaThread "jar transforms Thread 5" [_thread_blocked, id=3716, stack(0x0000000024760000,0x0000000024860000)]
  0x000000001b747000 JavaThread "jar transforms Thread 4" [_thread_blocked, id=3228, stack(0x0000000024660000,0x0000000024760000)]
  0x000000001b744000 JavaThread "jar transforms Thread 3" [_thread_blocked, id=12060, stack(0x0000000024560000,0x0000000024660000)]
  0x000000001b73c800 JavaThread "jar transforms Thread 2" [_thread_blocked, id=3584, stack(0x0000000024460000,0x0000000024560000)]
  0x000000001b743000 JavaThread "Build operations Thread 8" [_thread_blocked, id=12700, stack(0x0000000024360000,0x0000000024460000)]
  0x000000001b73b800 JavaThread "Build operations Thread 7" [_thread_blocked, id=4636, stack(0x0000000024260000,0x0000000024360000)]
  0x000000001b73f800 JavaThread "Build operations Thread 6" [_thread_blocked, id=4628, stack(0x0000000024160000,0x0000000024260000)]
  0x000000001b742800 JavaThread "Build operations Thread 5" [_thread_blocked, id=3092, stack(0x0000000024060000,0x0000000024160000)]
  0x000000001b73e800 JavaThread "Build operations Thread 4" [_thread_blocked, id=11972, stack(0x0000000023f60000,0x0000000024060000)]
  0x000000001b73b000 JavaThread "Build operations Thread 3" [_thread_blocked, id=1356, stack(0x0000000023e60000,0x0000000023f60000)]
  0x000000001b73e000 JavaThread "Build operations Thread 2" [_thread_blocked, id=10184, stack(0x0000000023d60000,0x0000000023e60000)]
  0x000000001b73d000 JavaThread "Build operations" [_thread_blocked, id=14188, stack(0x0000000023c60000,0x0000000023d60000)]
  0x000000001a291800 JavaThread "Cache worker for file content cache (C:\Users\Abdul AzEem\.gradle\caches\6.5\fileContent)" [_thread_blocked, id=8604, stack(0x0000000023560000,0x0000000023660000)]
  0x000000001a290000 JavaThread "jar transforms" [_thread_blocked, id=12716, stack(0x0000000023460000,0x0000000023560000)]
  0x000000001a296800 JavaThread "Cache worker for execution history cache (C:\Users\Abdul AzEem\.gradle\caches\6.5\executionHistory)" [_thread_blocked, id=12920, stack(0x0000000022d60000,0x0000000022e60000)]
  0x000000001a296000 JavaThread "Cache worker for cache directory md-rule (C:\Users\Abdul AzEem\.gradle\caches\6.5\md-rule)" [_thread_blocked, id=752, stack(0x0000000022c60000,0x0000000022d60000)]
  0x000000001a290800 JavaThread "Cache worker for cache directory md-supplier (C:\Users\Abdul AzEem\.gradle\caches\6.5\md-supplier)" [_thread_blocked, id=6124, stack(0x0000000021900000,0x0000000021a00000)]
  0x000000001a295000 JavaThread "Cache worker for checksums cache (C:\Users\Abdul AzEem\AndroidStudioProjects\trialwithme\.gradle\checksums)" [_thread_blocked, id=1612, stack(0x0000000021800000,0x0000000021900000)]
  0x000000001a292000 JavaThread "Cache worker for file hash cache (C:\Users\Abdul AzEem\AndroidStudioProjects\trialwithme\.gradle\6.5\fileHashes)" [_thread_blocked, id=7192, stack(0x00000000204f0000,0x00000000205f0000)]
  0x000000001a294800 JavaThread "Cache worker for file hash cache (C:\Users\Abdul AzEem\.gradle\caches\6.5\fileHashes)" [_thread_blocked, id=10116, stack(0x000000001f220000,0x000000001f320000)]
  0x000000001a293800 JavaThread "File lock request listener" [_thread_in_native, id=11000, stack(0x000000001f120000,0x000000001f220000)]
  0x000000001ce4b800 JavaThread "Cache worker for journal cache (C:\Users\Abdul AzEem\.gradle\caches\journal-1)" [_thread_blocked, id=11804, stack(0x000000001f020000,0x000000001f120000)]
  0x000000001cd2a800 JavaThread "Thread-9" [_thread_blocked, id=11324, stack(0x000000001ed20000,0x000000001ee20000)]
  0x000000001cd29800 JavaThread "Stdin handler" [_thread_blocked, id=11612, stack(0x000000001ec20000,0x000000001ed20000)]
  0x000000001cd24000 JavaThread "Asynchronous log dispatcher for DefaultDaemonConnection: socket connection from /127.0.0.1:51093 to /127.0.0.1:51094" [_thread_blocked, id=9176, stack(0x000000001eb20000,0x000000001ec20000)]
  0x000000001b47e800 JavaThread "Daemon worker" [_thread_in_native, id=3648, stack(0x000000001ea20000,0x000000001eb20000)]
  0x000000001bd07800 JavaThread "Cancel handler" [_thread_blocked, id=3456, stack(0x000000001e820000,0x000000001e920000)]
  0x000000001ccfb800 JavaThread "Handler for socket connection from /127.0.0.1:51093 to /127.0.0.1:51094" [_thread_in_native, id=13716, stack(0x000000001e720000,0x000000001e820000)]
  0x000000001ccf8800 JavaThread "Daemon" [_thread_blocked, id=9560, stack(0x000000001e620000,0x000000001e720000)]
  0x000000001cd00800 JavaThread "Daemon periodic checks" [_thread_blocked, id=7924, stack(0x000000001e320000,0x000000001e420000)]
  0x000000001be16800 JavaThread "Incoming local TCP Connector on port 51093" [_thread_in_native, id=11384, stack(0x000000001e0e0000,0x000000001e1e0000)]
  0x000000001b1d5800 JavaThread "Daemon health stats" [_thread_blocked, id=9372, stack(0x000000001daa0000,0x000000001dba0000)]
  0x000000001a321000 JavaThread "Service Thread" daemon [_thread_blocked, id=14144, stack(0x000000001af00000,0x000000001b000000)]
  0x000000001a293000 JavaThread "C1 CompilerThread3" daemon [_thread_blocked, id=3952, stack(0x000000001ae00000,0x000000001af00000)]
  0x000000001a28a000 JavaThread "C2 CompilerThread2" daemon [_thread_blocked, id=12880, stack(0x000000001ad00000,0x000000001ae00000)]
  0x000000001a234800 JavaThread "C2 CompilerThread1" daemon [_thread_in_native, id=3472, stack(0x000000001ac00000,0x000000001ad00000)]
=>0x000000001842e800 JavaThread "C2 CompilerThread0" daemon [_thread_in_native, id=13556, stack(0x000000001ab00000,0x000000001ac00000)]
  0x000000001a281000 JavaThread "Attach Listener" daemon [_thread_blocked, id=10660, stack(0x000000001aa00000,0x000000001ab00000)]
  0x000000001a280800 JavaThread "Signal Dispatcher" daemon [_thread_blocked, id=8568, stack(0x000000001a900000,0x000000001aa00000)]
  0x000000000337e800 JavaThread "Finalizer" daemon [_thread_blocked, id=13308, stack(0x000000001a700000,0x000000001a800000)]
  0x000000001841c800 JavaThread "Reference Handler" daemon [_thread_blocked, id=11464, stack(0x000000001a600000,0x000000001a700000)]
  0x0000000003282800 JavaThread "main" [_thread_blocked, id=10652, stack(0x0000000003150000,0x0000000003250000)]

Other Threads:
  0x0000000018415800 VMThread [stack: 0x000000001a100000,0x000000001a200000] [id=6424]
  0x000000001a2f3800 WatcherThread [stack: 0x000000001b000000,0x000000001b100000] [id=9972]

VM state:not at safepoint (normal execution)

VM Mutex/Monitor currently owned by a thread: None

heap address: 0x0000000080000000, size: 2048 MB, Compressed Oops mode: 32-bit
Narrow klass base: 0x0000000000000000, Narrow klass shift: 3
Compressed class space size: 1073741824 Address: 0x0000000100000000

Heap:
 PSYoungGen      total 239104K, used 38441K [0x00000000d5580000, 0x00000000e5700000, 0x0000000100000000)
  eden space 219136K, 17% used [0x00000000d5580000,0x00000000d7b0a660,0x00000000e2b80000)
  from space 19968K, 0% used [0x00000000e3f00000,0x00000000e3f00000,0x00000000e5280000)
  to   space 19968K, 0% used [0x00000000e2b80000,0x00000000e2b80000,0x00000000e3f00000)
 ParOldGen       total 120320K, used 33746K [0x0000000080000000, 0x0000000087580000, 0x00000000d5580000)
  object space 120320K, 28% used [0x0000000080000000,0x00000000820f4ae8,0x0000000087580000)
 Metaspace       used 59596K, capacity 61912K, committed 62232K, reserved 1103872K
  class space    used 8233K, capacity 8721K, committed 8752K, reserved 1048576K

Card table byte_map: [0x0000000012740000,0x0000000012b50000] byte_map_base: 0x0000000012340000

Marking Bits: (ParMarkBitMap*) 0x0000000075c3f030
 Begin Bits: [0x0000000013600000, 0x0000000015600000)
 End Bits:   [0x0000000015600000, 0x0000000017600000)

Polling page: 0x00000000018d0000

CodeCache: size=245760Kb used=17330Kb max_used=17347Kb free=228429Kb
 bounds [0x0000000003380000, 0x0000000004480000, 0x0000000012380000]
 total_blobs=5676 nmethods=4901 adapters=688
 compilation: enabled

Compilation events (10 events):
Event: 12.599 Thread 0x000000001a293000 nmethod 5391 0x000000000446b550 code [0x000000000446b6e0, 0x000000000446bc08]
Event: 12.599 Thread 0x000000001a293000 5389       3       java.lang.ThreadLocal::remove (18 bytes)
Event: 12.600 Thread 0x000000001a293000 nmethod 5389 0x0000000004467690 code [0x0000000004467820, 0x0000000004467b18]
Event: 12.600 Thread 0x000000001a293000 5390       3       java.lang.ThreadLocal$ThreadLocalMap::access$200 (6 bytes)
Event: 12.600 Thread 0x000000001a293000 nmethod 5390 0x0000000004464f90 code [0x0000000004465100, 0x0000000004465268]
Event: 12.600 Thread 0x000000001a293000 5392       3       java.util.ArrayList::addAll (54 bytes)
Event: 12.602 Thread 0x000000001a293000 nmethod 5392 0x0000000004464450 code [0x0000000004464600, 0x0000000004464ce8]
Event: 12.650 Thread 0x000000001a28a000 nmethod 5386 0x000000000447c490 code [0x000000000447c660, 0x000000000447dd88]
Event: 12.650 Thread 0x000000001a28a000 5375       4       java.util.regex.Pattern$BitClass::isSatisfiedBy (22 bytes)
Event: 12.651 Thread 0x000000001a28a000 nmethod 5375 0x0000000004467390 code [0x00000000044674c0, 0x0000000004467578]

GC Heap History (10 events):
Event: 6.520 GC heap before
{Heap before GC invocations=11 (full 2):
 PSYoungGen      total 139264K, used 11175K [0x00000000d5580000, 0x00000000e1a00000, 0x0000000100000000)
  eden space 128000K, 0% used [0x00000000d5580000,0x00000000d5580000,0x00000000dd280000)
  from space 11264K, 99% used [0x00000000dd280000,0x00000000ddd69c70,0x00000000ddd80000)
  to   space 12800K, 0% used [0x00000000e0d80000,0x00000000e0d80000,0x00000000e1a00000)
 ParOldGen       total 49664K, used 6907K [0x0000000080000000, 0x0000000083080000, 0x00000000d5580000)
  object space 49664K, 13% used [0x0000000080000000,0x00000000806bed58,0x0000000083080000)
 Metaspace       used 34296K, capacity 35414K, committed 35496K, reserved 1079296K
  class space    used 4721K, capacity 5002K, committed 5040K, reserved 1048576K
Event: 6.606 GC heap after
Heap after GC invocations=11 (full 2):
 PSYoungGen      total 139264K, used 0K [0x00000000d5580000, 0x00000000e1a00000, 0x0000000100000000)
  eden space 128000K, 0% used [0x00000000d5580000,0x00000000d5580000,0x00000000dd280000)
  from space 11264K, 0% used [0x00000000dd280000,0x00000000dd280000,0x00000000ddd80000)
  to   space 12800K, 0% used [0x00000000e0d80000,0x00000000e0d80000,0x00000000e1a00000)
 ParOldGen       total 76800K, used 17424K [0x0000000080000000, 0x0000000084b00000, 0x00000000d5580000)
  object space 76800K, 22% used [0x0000000080000000,0x0000000081104150,0x0000000084b00000)
 Metaspace       used 34296K, capacity 35414K, committed 35496K, reserved 1079296K
  class space    used 4721K, capacity 5002K, committed 5040K, reserved 1048576K
}
Event: 7.703 GC heap before
{Heap before GC invocations=12 (full 2):
 PSYoungGen      total 139264K, used 128000K [0x00000000d5580000, 0x00000000e1a00000, 0x0000000100000000)
  eden space 128000K, 100% used [0x00000000d5580000,0x00000000dd280000,0x00000000dd280000)
  from space 11264K, 0% used [0x00000000dd280000,0x00000000dd280000,0x00000000ddd80000)
  to   space 12800K, 0% used [0x00000000e0d80000,0x00000000e0d80000,0x00000000e1a00000)
 ParOldGen       total 76800K, used 17424K [0x0000000080000000, 0x0000000084b00000, 0x00000000d5580000)
  object space 76800K, 22% used [0x0000000080000000,0x0000000081104150,0x0000000084b00000)
 Metaspace       used 39478K, capacity 41276K, committed 41512K, reserved 1085440K
  class space    used 5451K, capacity 5822K, committed 5936K, reserved 1048576K
Event: 7.714 GC heap after
Heap after GC invocations=12 (full 2):
 PSYoungGen      total 179200K, used 10183K [0x00000000d5580000, 0x00000000e1780000, 0x0000000100000000)
  eden space 168960K, 0% used [0x00000000d5580000,0x00000000d5580000,0x00000000dfa80000)
  from space 10240K, 99% used [0x00000000e0d80000,0x00000000e1771d48,0x00000000e1780000)
  to   space 13312K, 0% used [0x00000000dfd80000,0x00000000dfd80000,0x00000000e0a80000)
 ParOldGen       total 76800K, used 17432K [0x0000000080000000, 0x0000000084b00000, 0x00000000d5580000)
  object space 76800K, 22% used [0x0000000080000000,0x0000000081106150,0x0000000084b00000)
 Metaspace       used 39478K, capacity 41276K, committed 41512K, reserved 1085440K
  class space    used 5451K, capacity 5822K, committed 5936K, reserved 1048576K
}
Event: 10.316 GC heap before
{Heap before GC invocations=13 (full 2):
 PSYoungGen      total 179200K, used 179143K [0x00000000d5580000, 0x00000000e1780000, 0x0000000100000000)
  eden space 168960K, 100% used [0x00000000d5580000,0x00000000dfa80000,0x00000000dfa80000)
  from space 10240K, 99% used [0x00000000e0d80000,0x00000000e1771d48,0x00000000e1780000)
  to   space 13312K, 0% used [0x00000000dfd80000,0x00000000dfd80000,0x00000000e0a80000)
 ParOldGen       total 76800K, used 17432K [0x0000000080000000, 0x0000000084b00000, 0x00000000d5580000)
  object space 76800K, 22% used [0x0000000080000000,0x0000000081106150,0x0000000084b00000)
 Metaspace       used 54532K, capacity 56776K, committed 57128K, reserved 1097728K
  class space    used 7430K, capacity 7874K, committed 7984K, reserved 1048576K
Event: 10.344 GC heap after
Heap after GC invocations=13 (full 2):
 PSYoungGen      total 185344K, used 13300K [0x00000000d5580000, 0x00000000e5280000, 0x0000000100000000)
  eden space 172032K, 0% used [0x00000000d5580000,0x00000000d5580000,0x00000000dfd80000)
  from space 13312K, 99% used [0x00000000dfd80000,0x00000000e0a7d380,0x00000000e0a80000)
  to   space 19968K, 0% used [0x00000000e3f00000,0x00000000e3f00000,0x00000000e5280000)
 ParOldGen       total 76800K, used 30873K [0x0000000080000000, 0x0000000084b00000, 0x00000000d5580000)
  object space 76800K, 40% used [0x0000000080000000,0x0000000081e265b8,0x0000000084b00000)
 Metaspace       used 54532K, capacity 56776K, committed 57128K, reserved 1097728K
  class space    used 7430K, capacity 7874K, committed 7984K, reserved 1048576K
}
Event: 11.141 GC heap before
{Heap before GC invocations=14 (full 2):
 PSYoungGen      total 185344K, used 69680K [0x00000000d5580000, 0x00000000e5280000, 0x0000000100000000)
  eden space 172032K, 32% used [0x00000000d5580000,0x00000000d8c8eee0,0x00000000dfd80000)
  from space 13312K, 99% used [0x00000000dfd80000,0x00000000e0a7d380,0x00000000e0a80000)
  to   space 19968K, 0% used [0x00000000e3f00000,0x00000000e3f00000,0x00000000e5280000)
 ParOldGen       total 76800K, used 30873K [0x0000000080000000, 0x0000000084b00000, 0x00000000d5580000)
  object space 76800K, 40% used [0x0000000080000000,0x0000000081e265b8,0x0000000084b00000)
 Metaspace       used 56693K, capacity 59054K, committed 59160K, reserved 1099776K
  class space    used 7759K, capacity 8236K, committed 8240K, reserved 1048576K
Event: 11.162 GC heap after
Heap after GC invocations=14 (full 2):
 PSYoungGen      total 239104K, used 5048K [0x00000000d5580000, 0x00000000e5700000, 0x0000000100000000)
  eden space 219136K, 0% used [0x00000000d5580000,0x00000000d5580000,0x00000000e2b80000)
  from space 19968K, 25% used [0x00000000e3f00000,0x00000000e43ee0a8,0x00000000e5280000)
  to   space 19968K, 0% used [0x00000000e2b80000,0x00000000e2b80000,0x00000000e3f00000)
 ParOldGen       total 76800K, used 41841K [0x0000000080000000, 0x0000000084b00000, 0x00000000d5580000)
  object space 76800K, 54% used [0x0000000080000000,0x00000000828dc5e8,0x0000000084b00000)
 Metaspace       used 56693K, capacity 59054K, committed 59160K, reserved 1099776K
  class space    used 7759K, capacity 8236K, committed 8240K, reserved 1048576K
}
Event: 11.162 GC heap before
{Heap before GC invocations=15 (full 3):
 PSYoungGen      total 239104K, used 5048K [0x00000000d5580000, 0x00000000e5700000, 0x0000000100000000)
  eden space 219136K, 0% used [0x00000000d5580000,0x00000000d5580000,0x00000000e2b80000)
  from space 19968K, 25% used [0x00000000e3f00000,0x00000000e43ee0a8,0x00000000e5280000)
  to   space 19968K, 0% used [0x00000000e2b80000,0x00000000e2b80000,0x00000000e3f00000)
 ParOldGen       total 76800K, used 41841K [0x0000000080000000, 0x0000000084b00000, 0x00000000d5580000)
  object space 76800K, 54% used [0x0000000080000000,0x00000000828dc5e8,0x0000000084b00000)
 Metaspace       used 56693K, capacity 59054K, committed 59160K, reserved 1099776K
  class space    used 7759K, capacity 8236K, committed 8240K, reserved 1048576K
Event: 11.470 GC heap after
Heap after GC invocations=15 (full 3):
 PSYoungGen      total 239104K, used 0K [0x00000000d5580000, 0x00000000e5700000, 0x0000000100000000)
  eden space 219136K, 0% used [0x00000000d5580000,0x00000000d5580000,0x00000000e2b80000)
  from space 19968K, 0% used [0x00000000e3f00000,0x00000000e3f00000,0x00000000e5280000)
  to   space 19968K, 0% used [0x00000000e2b80000,0x00000000e2b80000,0x00000000e3f00000)
 ParOldGen       total 120320K, used 33746K [0x0000000080000000, 0x0000000087580000, 0x00000000d5580000)
  object space 120320K, 28% used [0x0000000080000000,0x00000000820f4ae8,0x0000000087580000)
 Metaspace       used 56659K, capacity 58940K, committed 59160K, reserved 1099776K
  class space    used 7749K, capacity 8217K, committed 8240K, reserved 1048576K
}

Deoptimization events (10 events):
Event: 11.673 Thread 0x000000001b47e800 Uncommon trap: reason=unstable_if action=reinterpret pc=0x000000000416b63c method=java.util.Properties$LineReader.readLine()I @ 37
Event: 11.674 Thread 0x000000001b47e800 Uncommon trap: reason=unstable_if action=reinterpret pc=0x00000000038cdd88 method=java.util.Properties$LineReader.readLine()I @ 105
Event: 11.758 Thread 0x000000001b47e800 Uncommon trap: reason=bimorphic action=maybe_recompile pc=0x00000000036e0714 method=java.util.regex.Pattern$5.isSatisfiedBy(I)Z @ 16
Event: 11.758 Thread 0x000000001b47e800 Uncommon trap: reason=bimorphic action=maybe_recompile pc=0x00000000036e0714 method=java.util.regex.Pattern$5.isSatisfiedBy(I)Z @ 16
Event: 11.758 Thread 0x000000001b47e800 Uncommon trap: reason=bimorphic action=maybe_recompile pc=0x00000000036e0714 method=java.util.regex.Pattern$5.isSatisfiedBy(I)Z @ 16
Event: 11.758 Thread 0x000000001b47e800 Uncommon trap: reason=bimorphic action=maybe_recompile pc=0x00000000036e0714 method=java.util.regex.Pattern$5.isSatisfiedBy(I)Z @ 16
Event: 12.434 Thread 0x000000001b47e800 Uncommon trap: reason=unstable_if action=reinterpret pc=0x0000000003a805a8 method=java.util.regex.Pattern$BmpCharProperty.match(Ljava/util/regex/Matcher;ILjava/lang/CharSequence;)Z @ 34
Event: 12.570 Thread 0x000000001b47e800 Uncommon trap: reason=unstable_if action=reinterpret pc=0x0000000003a2f718 method=com.sun.org.apache.xerces.internal.impl.XMLEntityScanner.scanLiteral(ILcom/sun/org/apache/xerces/internal/xni/XMLString;Z)I @ 660
Event: 12.582 Thread 0x000000001b47e800 Uncommon trap: reason=unstable_if action=reinterpret pc=0x0000000004009a00 method=java.lang.CharacterDataLatin1.digit(II)I @ 31
Event: 12.597 Thread 0x000000001b47e800 Uncommon trap: reason=unstable_if action=reinterpret pc=0x0000000003fbcc68 method=java.lang.CharacterDataLatin1.digit(II)I @ 31

Classes redefined (0 events):
No events

Internal exceptions (10 events):
Event: 10.830 Thread 0x000000001b47e800 Exception <a 'java/lang/ClassNotFoundException': org/codehaus/groovy/runtime/MethodClosureCustomizer> (0x00000000d7e3a648) thrown at [C:\src\AOSP-openjdk-git\hotspot\src\share\vm\classfile\systemDictionary.cpp, line 210]
Event: 10.833 Thread 0x000000001b47e800 Exception <a 'java/lang/ClassNotFoundException': org/gradle/api/internal/artifacts/configurations/DefaultConfiguration$ConfigurationResolvableDependencies_DecoratedBeanInfo> (0x00000000d7ec5810) thrown at [C:\src\AOSP-openjdk-git\hotspot\src\share\vm\clas
Event: 10.834 Thread 0x000000001b47e800 Exception <a 'java/lang/ClassNotFoundException': org/gradle/api/internal/artifacts/configurations/DefaultConfiguration$ConfigurationResolvableDependenciesBeanInfo> (0x00000000d7f10858) thrown at [C:\src\AOSP-openjdk-git\hotspot\src\share\vm\classfile\syst
Event: 10.835 Thread 0x000000001b47e800 Exception <a 'java/lang/ClassNotFoundException': org/gradle/api/internal/artifacts/configurations/DefaultConfiguration$ConfigurationResolvableDependenciesCustomizer> (0x00000000d7f5d900) thrown at [C:\src\AOSP-openjdk-git\hotspot\src\share\vm\classfile\sy
Event: 10.837 Thread 0x000000001b47e800 Exception <a 'java/lang/ClassNotFoundException': org/gradle/api/internal/artifacts/configurations/DefaultConfiguration$ConfigurationResolvableDependencies_DecoratedCustomizer> (0x00000000d7fc5060) thrown at [C:\src\AOSP-openjdk-git\hotspot\src\share\vm\cl
Event: 11.122 Thread 0x000000001b47e800 Exception <a 'java/lang/NoSuchMethodError': java.lang.Object.lambda$static$0(Lorg/gradle/api/internal/tasks/TaskDependencyResolveContext;)V> (0x00000000d88cf068) thrown at [C:\src\AOSP-openjdk-git\hotspot\src\share\vm\interpreter\linkResolver.cpp, line 62
Event: 11.673 Thread 0x000000001b47e800 Implicit null exception at 0x00000000038cd43b to 0x00000000038cdd19
Event: 11.734 Thread 0x000000001b47e800 Exception <a 'sun/nio/fs/WindowsException'> (0x00000000d5edcbd0) thrown at [C:\src\AOSP-openjdk-git\hotspot\src\share\vm\prims\jni.cpp, line 710]
Event: 11.911 Thread 0x000000001b47e800 Exception <a 'java/lang/ClassNotFoundException': com/sun/org/glassfish/hk2/osgiresourcelocator/ServiceLoader> (0x00000000d62e9898) thrown at [C:\src\AOSP-openjdk-git\hotspot\src\share\vm\classfile\systemDictionary.cpp, line 210]
Event: 11.976 Thread 0x000000001b47e800 Exception <a 'java/lang/NullPointerException'> (0x00000000d67807c8) thrown at [C:\src\AOSP-openjdk-git\hotspot\src\share\vm\interpreter\linkResolver.cpp, line 1287]

Events (10 events):
Event: 12.665 loading class com/google/common/io/ByteSource
Event: 12.665 loading class com/google/common/io/ByteSource done
Event: 12.667 loading class com/google/common/io/Files$FileByteSource
Event: 12.667 loading class com/google/common/io/Files$FileByteSource done
Event: 12.667 loading class com/google/common/io/LineProcessor
Event: 12.667 loading class com/google/common/io/LineProcessor done
Event: 12.668 loading class com/google/common/collect/TreeTraverser$PreOrderIterator
Event: 12.668 loading class com/google/common/collect/TreeTraverser$PreOrderIterator done
Event: 12.668 loading class com/google/common/collect/TreeTraverser$1
Event: 12.668 loading class com/google/common/collect/TreeTraverser$1 done


Dynamic libraries:
0x00007ff645260000 - 0x00007ff645291000 	C:\Program Files\Android\Android Studio\jre\bin\java.exe
0x00007ffdd6fd0000 - 0x00007ffdd71c5000 	C:\WINDOWS\SYSTEM32\ntdll.dll
0x00007ffdd50f0000 - 0x00007ffdd51ae000 	C:\WINDOWS\System32\KERNEL32.DLL
0x00007ffdd46f0000 - 0x00007ffdd49b9000 	C:\WINDOWS\System32\KERNELBASE.dll
0x00007ffdd6c40000 - 0x00007ffdd6cec000 	C:\WINDOWS\System32\ADVAPI32.dll
0x00007ffdd5240000 - 0x00007ffdd52de000 	C:\WINDOWS\System32\msvcrt.dll
0x00007ffdd5780000 - 0x00007ffdd581b000 	C:\WINDOWS\System32\sechost.dll
0x00007ffdd6de0000 - 0x00007ffdd6f0a000 	C:\WINDOWS\System32\RPCRT4.dll
0x00007ffdd62d0000 - 0x00007ffdd6471000 	C:\WINDOWS\System32\USER32.dll
0x00007ffdd4ff0000 - 0x00007ffdd5012000 	C:\WINDOWS\System32\win32u.dll
0x00007ffdd5830000 - 0x00007ffdd585b000 	C:\WINDOWS\System32\GDI32.dll
0x00007ffdd49c0000 - 0x00007ffdd4acb000 	C:\WINDOWS\System32\gdi32full.dll
0x00007ffdd4dd0000 - 0x00007ffdd4e6d000 	C:\WINDOWS\System32\msvcp_win.dll
0x00007ffdd4ef0000 - 0x00007ffdd4ff0000 	C:\WINDOWS\System32\ucrtbase.dll
0x00007ffdc9bd0000 - 0x00007ffdc9e6a000 	C:\WINDOWS\WinSxS\amd64_microsoft.windows.common-controls_6595b64144ccf1df_6.0.19041.1110_none_60b5254171f9507e\COMCTL32.dll
0x00007ffdd51b0000 - 0x00007ffdd51e0000 	C:\WINDOWS\System32\IMM32.DLL
0x00000000751e0000 - 0x00000000752b2000 	C:\Program Files\Android\Android Studio\jre\jre\bin\msvcr100.dll
0x0000000075470000 - 0x0000000075cbb000 	C:\Program Files\Android\Android Studio\jre\jre\bin\server\jvm.dll
0x00007ffdd6050000 - 0x00007ffdd6058000 	C:\WINDOWS\System32\PSAPI.DLL
0x00007ffdc7ba0000 - 0x00007ffdc7ba9000 	C:\WINDOWS\SYSTEM32\WSOCK32.dll
0x00007ffdd5ce0000 - 0x00007ffdd5d4b000 	C:\WINDOWS\System32\WS2_32.dll
0x00007ffdc69c0000 - 0x00007ffdc69ca000 	C:\WINDOWS\SYSTEM32\VERSION.dll
0x00007ffdc4e70000 - 0x00007ffdc4e97000 	C:\WINDOWS\SYSTEM32\WINMM.dll
0x00007ffdcf4f0000 - 0x00007ffdcf4ff000 	C:\Program Files\Android\Android Studio\jre\jre\bin\verify.dll
0x00007ffdcbf90000 - 0x00007ffdcbfb9000 	C:\Program Files\Android\Android Studio\jre\jre\bin\java.dll
0x00007ffdcbd40000 - 0x00007ffdcbd56000 	C:\Program Files\Android\Android Studio\jre\jre\bin\zip.dll
0x00007ffdd6500000 - 0x00007ffdd6c3f000 	C:\WINDOWS\System32\SHELL32.dll
0x00007ffdd27f0000 - 0x00007ffdd2f80000 	C:\WINDOWS\SYSTEM32\windows.storage.dll
0x00007ffdd5340000 - 0x00007ffdd5695000 	C:\WINDOWS\System32\combase.dll
0x00007ffdd4140000 - 0x00007ffdd416c000 	C:\WINDOWS\SYSTEM32\Wldp.dll
0x00007ffdd5e80000 - 0x00007ffdd5f2e000 	C:\WINDOWS\System32\SHCORE.dll
0x00007ffdd52e0000 - 0x00007ffdd5335000 	C:\WINDOWS\System32\shlwapi.dll
0x00007ffdd4630000 - 0x00007ffdd464f000 	C:\WINDOWS\SYSTEM32\profapi.dll
0x00007ffdcb610000 - 0x00007ffdcb62a000 	C:\Program Files\Android\Android Studio\jre\jre\bin\net.dll
0x00007ffdd3ea0000 - 0x00007ffdd3f0a000 	C:\WINDOWS\system32\mswsock.dll
0x00007ffdca2c0000 - 0x00007ffdca2d3000 	C:\Program Files\Android\Android Studio\jre\jre\bin\nio.dll
0x00007ffdcf730000 - 0x00007ffdcf757000 	C:\Users\Abdul AzEem\.gradle\native\f6784746aeab05261644944871eae4fe03e0ef1612fff0a4a95f87b438bc6780\windows-amd64\native-platform.dll
0x00007ffdc7230000 - 0x00007ffdc723d000 	C:\Program Files\Android\Android Studio\jre\jre\bin\management.dll
0x00007ffdd4090000 - 0x00007ffdd40a8000 	C:\WINDOWS\SYSTEM32\CRYPTSP.dll
0x00007ffdd37b0000 - 0x00007ffdd37e4000 	C:\WINDOWS\system32\rsaenh.dll
0x00007ffdd4ec0000 - 0x00007ffdd4ee7000 	C:\WINDOWS\System32\bcrypt.dll
0x00007ffdd45f0000 - 0x00007ffdd461e000 	C:\WINDOWS\SYSTEM32\USERENV.dll
0x00007ffdd4c90000 - 0x00007ffdd4d13000 	C:\WINDOWS\System32\bcryptprimitives.dll
0x00007ffdd40b0000 - 0x00007ffdd40bc000 	C:\WINDOWS\SYSTEM32\CRYPTBASE.dll
0x00007ffdd3b40000 - 0x00007ffdd3b7b000 	C:\WINDOWS\SYSTEM32\IPHLPAPI.DLL
0x00007ffdd5820000 - 0x00007ffdd5828000 	C:\WINDOWS\System32\NSI.dll
0x00007ffdcef70000 - 0x00007ffdcef87000 	C:\WINDOWS\SYSTEM32\dhcpcsvc6.DLL
0x00007ffdcef50000 - 0x00007ffdcef6d000 	C:\WINDOWS\SYSTEM32\dhcpcsvc.DLL
0x00007ffdd3b90000 - 0x00007ffdd3c5c000 	C:\WINDOWS\SYSTEM32\DNSAPI.dll
0x00007ffdcef90000 - 0x00007ffdcef9b000 	C:\WINDOWS\SYSTEM32\WINNSI.DLL

VM Arguments:
jvm_args: -Xmx2048m -Dfile.encoding=UTF-8 -Duser.country=US -Duser.language=en -Duser.variant 
java_command: org.gradle.launcher.daemon.bootstrap.GradleDaemon 6.5
java_class_path (initial): C:\Users\Abdul AzEem\.gradle\wrapper\dists\gradle-6.5-bin\6nifqtx7604sqp1q6g8wikw7p\gradle-6.5\lib\gradle-launcher-6.5.jar
Launcher Type: SUN_STANDARD

Environment Variables:
PATH=C:\Python39\Scripts\;C:\Python39\;C:\app\AbdulAzEem\product\11.2.0\dbhome_1\bin;C:\WINDOWS\system32;C:\WINDOWS;C:\WINDOWS\System32\Wbem;C:\WINDOWS\System32\WindowsPowerShell\v1.0\;C:\Program Files\Java\jdk1.8.0_231\bin;C:\Program Files\Java\jre1.8.0_231\bin;C:\WINDOWS\System32\OpenSSH\;C:\Program Files\Intel\WiFi\bin\;C:\Program Files\Common Files\Intel\WirelessCommon\;C:\Program Files (x86)\Brackets\command;C:\ProgramData\chocolatey\bin;F:\node js\;C:\Program Files\Git\cmd;C:\Program Files\MongoDB\Server\4.4\bin;;C:\Program Files\Java\jdk-14.0.2\bin;C:\Users\Abdul AzEem\AppData\Local\Programs\Python\Python39\Scripts\;C:\Users\Abdul AzEem\AppData\Local\Programs\Python\Python39\;C:\Program Files\MySQL\MySQL Shell 8.0\bin\;C:\Program Files\Intel\WiFi\bin\;C:\Program Files\Common Files\Intel\WirelessCommon\;C:\Users\Abdul AzEem\AppData\Local\Microsoft\WindowsApps;C:\Users\Abdul AzEem\AppData\Local\GitHubDesktop\bin;C:\Users\Abdul AzEem\AppData\Local\atom\bin;C:\Users\Abdul AzEem\AppData\Local\Programs\Microsoft VS Code\bin;C:\Users\Abdul AzEem\AppData\Roaming\npm
USERNAME=Abdul AzEem
OS=Windows_NT
PROCESSOR_IDENTIFIER=Intel64 Family 6 Model 142 Stepping 10, GenuineIntel



---------------  S Y S T E M  ---------------

OS: Windows 10.0 , 64 bit Build 19041 (10.0.19041.1202)

CPU:total 8 (initial active 8) (4 cores per cpu, 2 threads per core) family 6 model 142 stepping 10, cmov, cx8, fxsr, mmx, sse, sse2, sse3, ssse3, sse4.1, sse4.2, popcnt, avx, avx2, aes, clmul, erms, 3dnowpref, lzcnt, ht, tsc, tscinvbit, bmi1, bmi2, adx

Memory: 4k page, physical 8272100k(1697396k free), swap 10222820k(8576k free)

vm_info: OpenJDK 64-Bit Server VM (25.242-b01) for windows-amd64 JRE (1.8.0_242-release-1644-b01), built by "builder" with MS VC++ 10.0 (VS2010)

time: Fri Oct 08 11:07:56 2021
timezone: Pakistan Standard Time
elapsed time: 12 seconds (0d 0h 0m 12s)

